[    0.000000] Linux version 4.15.0-124-generic (buildd@lgw01-amd64-029) (gcc version 7.5.0 (Ubuntu 7.5.0-3ubuntu1~18.04)) #127-Ubuntu SMP Fri Nov 6 10:54:43 UTC 2020 (Ubuntu 4.15.0-124.127-generic 4.15.18)
[    0.000000] Command line: BOOT_IMAGE=/boot/vmlinuz-4.15.0-124-generic root=LABEL=cloudimg-rootfs ro console=tty1 console=ttyS0
[    0.000000] KERNEL supported cpus:
[    0.000000]   Intel GenuineIntel
[    0.000000]   AMD AuthenticAMD
[    0.000000]   Centaur CentaurHauls
[    0.000000] x86/fpu: Supporting XSAVE feature 0x001: 'x87 floating point registers'
[    0.000000] x86/fpu: Supporting XSAVE feature 0x002: 'SSE registers'
[    0.000000] x86/fpu: Supporting XSAVE feature 0x004: 'AVX registers'
[    0.000000] x86/fpu: xstate_offset[2]:  576, xstate_sizes[2]:  256
[    0.000000] x86/fpu: Enabled xstate features 0x7, context size is 832 bytes, using 'standard' format.
[    0.000000] e820: BIOS-provided physical RAM map:
[    0.000000] BIOS-e820: [mem 0x0000000000000000-0x000000000009fbff] usable
[    0.000000] BIOS-e820: [mem 0x000000000009fc00-0x000000000009ffff] reserved
[    0.000000] BIOS-e820: [mem 0x00000000000f0000-0x00000000000fffff] reserved
[    0.000000] BIOS-e820: [mem 0x0000000000100000-0x000000003ffeffff] usable
[    0.000000] BIOS-e820: [mem 0x000000003fff0000-0x000000003fffffff] ACPI data
[    0.000000] BIOS-e820: [mem 0x00000000fec00000-0x00000000fec00fff] reserved
[    0.000000] BIOS-e820: [mem 0x00000000fee00000-0x00000000fee00fff] reserved
[    0.000000] BIOS-e820: [mem 0x00000000fffc0000-0x00000000ffffffff] reserved
[    0.000000] NX (Execute Disable) protection: active
[    0.000000] SMBIOS 2.5 present.
[    0.000000] DMI: innotek GmbH VirtualBox/VirtualBox, BIOS VirtualBox 12/01/2006
[    0.000000] Hypervisor detected: KVM
[    0.000000] e820: last_pfn = 0x3fff0 max_arch_pfn = 0x400000000
[    0.000000] MTRR: Disabled
[    0.000000] x86/PAT: MTRRs disabled, skipping PAT initialization too.
[    0.000000] CPU MTRRs all blank - virtualized system.
[    0.000000] x86/PAT: Configuration [0-7]: WB  WT  UC- UC  WB  WT  UC- UC  
[    0.000000] found SMP MP-table at [mem 0x0009fff0-0x0009ffff]
[    0.000000] Scanning 1 areas for low memory corruption
[    0.000000] RAMDISK: [mem 0x35a67000-0x36d2afff]
[    0.000000] ACPI: Early table checksum verification disabled
[    0.000000] ACPI: RSDP 0x00000000000E0000 000024 (v02 VBOX  )
[    0.000000] ACPI: XSDT 0x000000003FFF0030 00003C (v01 VBOX   VBOXXSDT 00000001 ASL  00000061)
[    0.000000] ACPI: FACP 0x000000003FFF00F0 0000F4 (v04 VBOX   VBOXFACP 00000001 ASL  00000061)
[    0.000000] ACPI: DSDT 0x000000003FFF0470 002325 (v02 VBOX   VBOXBIOS 00000002 INTL 20120111)
[    0.000000] ACPI: FACS 0x000000003FFF0200 000040
[    0.000000] ACPI: FACS 0x000000003FFF0200 000040
[    0.000000] ACPI: APIC 0x000000003FFF0240 000054 (v02 VBOX   VBOXAPIC 00000001 ASL  00000061)
[    0.000000] ACPI: SSDT 0x000000003FFF02A0 0001CC (v01 VBOX   VBOXCPUT 00000002 INTL 20120111)
[    0.000000] No NUMA configuration found
[    0.000000] Faking a node at [mem 0x0000000000000000-0x000000003ffeffff]
[    0.000000] NODE_DATA(0) allocated [mem 0x3ffc5000-0x3ffeffff]
[    0.000000] kvm-clock: cpu 0, msr 0:3ff44001, primary cpu clock
[    0.000000] kvm-clock: Using msrs 4b564d01 and 4b564d00
[    0.000000] kvm-clock: using sched offset of 3987685861 cycles
[    0.000000] clocksource: kvm-clock: mask: 0xffffffffffffffff max_cycles: 0x1cd42e4dffb, max_idle_ns: 881590591483 ns
[    0.000000] Zone ranges:
[    0.000000]   DMA      [mem 0x0000000000001000-0x0000000000ffffff]
[    0.000000]   DMA32    [mem 0x0000000001000000-0x000000003ffeffff]
[    0.000000]   Normal   empty
[    0.000000]   Device   empty
[    0.000000] Movable zone start for each node
[    0.000000] Early memory node ranges
[    0.000000]   node   0: [mem 0x0000000000001000-0x000000000009efff]
[    0.000000]   node   0: [mem 0x0000000000100000-0x000000003ffeffff]
[    0.000000] Reserved but unavailable: 98 pages
[    0.000000] Initmem setup node 0 [mem 0x0000000000001000-0x000000003ffeffff]
[    0.000000] ACPI: PM-Timer IO Port: 0x4008
[    0.000000] IOAPIC[0]: apic_id 1, version 32, address 0xfec00000, GSI 0-23
[    0.000000] ACPI: INT_SRC_OVR (bus 0 bus_irq 0 global_irq 2 dfl dfl)
[    0.000000] ACPI: INT_SRC_OVR (bus 0 bus_irq 9 global_irq 9 low level)
[    0.000000] Using ACPI (MADT) for SMP configuration information
[    0.000000] smpboot: Allowing 1 CPUs, 0 hotplug CPUs
[    0.000000] PM: Registered nosave memory: [mem 0x00000000-0x00000fff]
[    0.000000] PM: Registered nosave memory: [mem 0x0009f000-0x0009ffff]
[    0.000000] PM: Registered nosave memory: [mem 0x000a0000-0x000effff]
[    0.000000] PM: Registered nosave memory: [mem 0x000f0000-0x000fffff]
[    0.000000] e820: [mem 0x40000000-0xfebfffff] available for PCI devices
[    0.000000] Booting paravirtualized kernel on KVM
[    0.000000] clocksource: refined-jiffies: mask: 0xffffffff max_cycles: 0xffffffff, max_idle_ns: 7645519600211568 ns
[    0.000000] random: get_random_bytes called from start_kernel+0x99/0x500 with crng_init=0
[    0.000000] setup_percpu: NR_CPUS:8192 nr_cpumask_bits:1 nr_cpu_ids:1 nr_node_ids:1
[    0.000000] percpu: Embedded 45 pages/cpu s147456 r8192 d28672 u2097152
[    0.000000] PV qspinlock hash table entries: 256 (order: 0, 4096 bytes)
[    0.000000] Built 1 zonelists, mobility grouping on.  Total pages: 257913
[    0.000000] Policy zone: DMA32
[    0.000000] Kernel command line: BOOT_IMAGE=/boot/vmlinuz-4.15.0-124-generic root=LABEL=cloudimg-rootfs ro console=tty1 console=ttyS0
[    0.000000] Memory: 983212K/1048120K available (12300K kernel code, 2482K rwdata, 4272K rodata, 2436K init, 2724K bss, 64908K reserved, 0K cma-reserved)
[    0.000000] SLUB: HWalign=64, Order=0-3, MinObjects=0, CPUs=1, Nodes=1
[    0.000000] Kernel/User page tables isolation: enabled
[    0.000000] ftrace: allocating 39402 entries in 154 pages
[    0.004000] Hierarchical RCU implementation.
[    0.004000] 	RCU restricting CPUs from NR_CPUS=8192 to nr_cpu_ids=1.
[    0.004000] 	Tasks RCU enabled.
[    0.004000] RCU: Adjusting geometry for rcu_fanout_leaf=16, nr_cpu_ids=1
[    0.004000] NR_IRQS: 524544, nr_irqs: 256, preallocated irqs: 16
[    0.004000] Console: colour VGA+ 80x25
[    0.004000] console [tty1] enabled
[    0.004000] console [ttyS0] enabled
[    0.004000] ACPI: Core revision 20170831
[    0.004000] ACPI: 2 ACPI AML tables successfully acquired and loaded
[    0.004000] APIC: Switch to symmetric I/O mode setup
[    0.004000] x2apic enabled
[    0.004000] Switched APIC routing to physical x2apic.
[    0.004000] ..TIMER: vector=0x30 apic1=0 pin1=2 apic2=-1 pin2=-1
[    0.004006] tsc: Detected 2693.764 MHz processor
[    0.005563] Calibrating delay loop (skipped) preset value.. 5387.52 BogoMIPS (lpj=10775056)
[    0.008007] pid_max: default: 32768 minimum: 301
[    0.009143] Security Framework initialized
[    0.010127] Yama: becoming mindful.
[    0.012025] AppArmor: AppArmor initialized
[    0.015103] Dentry cache hash table entries: 131072 (order: 8, 1048576 bytes)
[    0.016070] Inode-cache hash table entries: 65536 (order: 7, 524288 bytes)
[    0.017835] Mount-cache hash table entries: 2048 (order: 2, 16384 bytes)
[    0.020015] Mountpoint-cache hash table entries: 2048 (order: 2, 16384 bytes)
[    0.024377] process: using mwait in idle threads
[    0.025817] Last level iTLB entries: 4KB 1024, 2MB 1024, 4MB 1024
[    0.027218] Last level dTLB entries: 4KB 1024, 2MB 1024, 4MB 1024, 1GB 4
[    0.028005] Spectre V1 : Mitigation: usercopy/swapgs barriers and __user pointer sanitization
[    0.030399] Spectre V2 : Mitigation: Full generic retpoline
[    0.032004] Spectre V2 : Spectre v2 / SpectreRSB mitigation: Filling RSB on context switch
[    0.034101] Speculative Store Bypass: Vulnerable
[    0.036078] SRBDS: Unknown: Dependent on hypervisor status
[    0.037790] MDS: Mitigation: Clear CPU buffers
[    0.056447] Freeing SMP alternatives memory: 36K
[    0.168000] smpboot: CPU0: Intel(R) Core(TM) i5-4570R CPU @ 2.70GHz (family: 0x6, model: 0x46, stepping: 0x1)
[    0.168000] Performance Events: unsupported p6 CPU model 70 no PMU driver, software events only.
[    0.168038] Hierarchical SRCU implementation.
[    0.169611] NMI watchdog: Perf event create on CPU 0 failed with -2
[    0.171120] NMI watchdog: Perf NMI watchdog permanently disabled
[    0.172052] smp: Bringing up secondary CPUs ...
[    0.173094] smp: Brought up 1 node, 1 CPU
[    0.174017] smpboot: Max logical packages: 1
[    0.174993] smpboot: Total of 1 processors activated (5387.52 BogoMIPS)
[    0.176154] devtmpfs: initialized
[    0.177000] x86/mm: Memory block size: 128MB
[    0.178112] evm: security.selinux
[    0.180005] evm: security.SMACK64
[    0.180789] evm: security.SMACK64EXEC
[    0.181663] evm: security.SMACK64TRANSMUTE
[    0.182598] evm: security.SMACK64MMAP
[    0.183445] evm: security.apparmor
[    0.184002] evm: security.ima
[    0.184710] evm: security.capability
[    0.185641] clocksource: jiffies: mask: 0xffffffff max_cycles: 0xffffffff, max_idle_ns: 7645041785100000 ns
[    0.188011] futex hash table entries: 256 (order: 2, 16384 bytes)
[    0.189405] pinctrl core: initialized pinctrl subsystem
[    0.190676] RTC time: 22:23:48, date: 01/16/21
[    0.192087] NET: Registered protocol family 16
[    0.193287] audit: initializing netlink subsys (disabled)
[    0.194782] cpuidle: using governor ladder
[    0.195739] cpuidle: using governor menu
[    0.196036] ACPI: bus type PCI registered
[    0.196970] acpiphp: ACPI Hot Plug PCI Controller Driver version: 0.5
[    0.198460] PCI: Using configuration type 1 for base access
[    0.200024] audit: type=2000 audit(1610835833.279:1): state=initialized audit_enabled=0 res=1
[    0.203012] HugeTLB registered 2.00 MiB page size, pre-allocated 0 pages
[    0.205842] ACPI: Added _OSI(Module Device)
[    0.208005] ACPI: Added _OSI(Processor Device)
[    0.209026] ACPI: Added _OSI(3.0 _SCP Extensions)
[    0.210102] ACPI: Added _OSI(Processor Aggregator Device)
[    0.212009] ACPI: Added _OSI(Linux-Dell-Video)
[    0.213087] ACPI: Added _OSI(Linux-Lenovo-NV-HDMI-Audio)
[    0.214289] ACPI: Added _OSI(Linux-HPI-Hybrid-Graphics)
[    0.216168] ACPI: Executed 1 blocks of module-level executable AML code
[    0.221432] ACPI: Interpreter enabled
[    0.222366] ACPI: (supports S0 S5)
[    0.223212] ACPI: Using IOAPIC for interrupt routing
[    0.224219] PCI: Using host bridge windows from ACPI; if necessary, use "pci=nocrs" and report a bug
[    0.226396] ACPI: Enabled 2 GPEs in block 00 to 07
[    0.234263] ACPI: PCI Root Bridge [PCI0] (domain 0000 [bus 00-ff])
[    0.235910] acpi PNP0A03:00: _OSC: OS supports [ASPM ClockPM Segments MSI]
[    0.236439] acpi PNP0A03:00: _OSC: not requesting OS control; OS requires [ExtendedConfig ASPM ClockPM MSI]
[    0.238462] acpi PNP0A03:00: fail to add MMCONFIG information, can't access extended PCI configuration space under this bridge.
[    0.240553] PCI host bridge to bus 0000:00
[    0.241595] pci_bus 0000:00: root bus resource [io  0x0000-0x0cf7 window]
[    0.244005] pci_bus 0000:00: root bus resource [io  0x0d00-0xffff window]
[    0.245702] pci_bus 0000:00: root bus resource [mem 0x000a0000-0x000bffff window]
[    0.248003] pci_bus 0000:00: root bus resource [mem 0x40000000-0xfdffffff window]
[    0.249592] pci_bus 0000:00: root bus resource [bus 00-ff]
[    0.254669] pci 0000:00:01.1: legacy IDE quirk: reg 0x10: [io  0x01f0-0x01f7]
[    0.256000] pci 0000:00:01.1: legacy IDE quirk: reg 0x14: [io  0x03f6]
[    0.256003] pci 0000:00:01.1: legacy IDE quirk: reg 0x18: [io  0x0170-0x0177]
[    0.258042] pci 0000:00:01.1: legacy IDE quirk: reg 0x1c: [io  0x0376]
[    0.278434] pci 0000:00:07.0: quirk: [io  0x4000-0x403f] claimed by PIIX4 ACPI
[    0.280011] pci 0000:00:07.0: quirk: [io  0x4100-0x410f] claimed by PIIX4 SMB
[    0.291612] ACPI: PCI Interrupt Link [LNKA] (IRQs 5 9 10 *11)
[    0.292317] ACPI: PCI Interrupt Link [LNKB] (IRQs 5 9 *10 11)
[    0.293879] ACPI: PCI Interrupt Link [LNKC] (IRQs 5 *9 10 11)
[    0.296136] ACPI: PCI Interrupt Link [LNKD] (IRQs 5 9 10 *11)
[    0.297954] SCSI subsystem initialized
[    0.299070] pci 0000:00:02.0: vgaarb: setting as boot VGA device
[    0.300000] pci 0000:00:02.0: vgaarb: VGA device added: decodes=io+mem,owns=io+mem,locks=none
[    0.300005] pci 0000:00:02.0: vgaarb: bridge control possible
[    0.304002] vgaarb: loaded
[    0.304675] ACPI: bus type USB registered
[    0.305563] usbcore: registered new interface driver usbfs
[    0.306754] usbcore: registered new interface driver hub
[    0.308012] usbcore: registered new device driver usb
[    0.309355] EDAC MC: Ver: 3.0.0
[    0.310622] PCI: Using ACPI for IRQ routing
[    0.312394] NetLabel: Initializing
[    0.313414] NetLabel:  domain hash size = 128
[    0.314409] NetLabel:  protocols = UNLABELED CIPSOv4 CALIPSO
[    0.316026] NetLabel:  unlabeled traffic allowed by default
[    0.317381] clocksource: Switched to clocksource kvm-clock
[    0.330165] VFS: Disk quotas dquot_6.6.0
[    0.331240] VFS: Dquot-cache hash table entries: 512 (order 0, 4096 bytes)
[    0.332930] AppArmor: AppArmor Filesystem Enabled
[    0.334004] pnp: PnP ACPI init
[    0.336047] pnp: PnP ACPI: found 3 devices
[    0.342526] clocksource: acpi_pm: mask: 0xffffff max_cycles: 0xffffff, max_idle_ns: 2085701024 ns
[    0.344700] NET: Registered protocol family 2
[    0.346093] TCP established hash table entries: 8192 (order: 4, 65536 bytes)
[    0.347915] TCP bind hash table entries: 8192 (order: 5, 131072 bytes)
[    0.349474] TCP: Hash tables configured (established 8192 bind 8192)
[    0.350886] UDP hash table entries: 512 (order: 2, 16384 bytes)
[    0.352308] UDP-Lite hash table entries: 512 (order: 2, 16384 bytes)
[    0.353875] NET: Registered protocol family 1
[    0.355044] pci 0000:00:00.0: Limiting direct PCI/PCI transfers
[    0.356810] pci 0000:00:01.0: Activating ISA DMA hang workarounds
[    0.358275] pci 0000:00:02.0: Video device with shadowed ROM at [mem 0x000c0000-0x000dffff]
[    0.361737] Unpacking initramfs...
[    0.632575] Freeing initrd memory: 19216K
[    0.638270] clocksource: tsc: mask: 0xffffffffffffffff max_cycles: 0x26d43bb7f27, max_idle_ns: 440795270902 ns
[    0.640533] platform rtc_cmos: registered platform RTC device (no PNP device found)
[    0.642208] Scanning for low memory corruption every 60 seconds
[    0.644120] Initialise system trusted keyrings
[    0.645245] Key type blacklist registered
[    0.646372] workingset: timestamp_bits=36 max_order=18 bucket_order=0
[    0.650327] zbud: loaded
[    0.651412] squashfs: version 4.0 (2009/01/31) Phillip Lougher
[    0.652830] fuse init (API version 7.26)
[    0.654496] Key type asymmetric registered
[    0.655476] Asymmetric key parser 'x509' registered
[    0.656665] Block layer SCSI generic (bsg) driver version 0.4 loaded (major 246)
[    0.658387] io scheduler noop registered
[    0.659302] io scheduler deadline registered
[    0.660361] io scheduler cfq registered (default)
[    0.662703] ACPI: AC Adapter [AC] (on-line)
[    0.663816] input: Power Button as /devices/LNXSYSTM:00/LNXPWRBN:00/input/input0
[    0.665732] ACPI: Power Button [PWRF]
[    0.666990] input: Sleep Button as /devices/LNXSYSTM:00/LNXSLPBN:00/input/input1
[    0.668715] ACPI: Sleep Button [SLPF]
[    0.669823] Serial: 8250/16550 driver, 32 ports, IRQ sharing enabled
[    0.692441] 00:02: ttyS0 at I/O 0x3f8 (irq = 4, base_baud = 115200) is a 16550A
[    0.695433] Linux agpgart interface v0.103
[    0.697413] loop: module loaded
[    0.698700] scsi host0: ata_piix
[    0.699597] scsi host1: ata_piix
[    0.700440] ata1: PATA max UDMA/33 cmd 0x1f0 ctl 0x3f6 bmdma 0xd000 irq 14
[    0.702137] ata2: PATA max UDMA/33 cmd 0x170 ctl 0x376 bmdma 0xd008 irq 15
[    0.704088] libphy: Fixed MDIO Bus: probed
[    0.705069] tun: Universal TUN/TAP device driver, 1.6
[    0.706503] PPP generic driver version 2.4.2
[    0.707524] ehci_hcd: USB 2.0 'Enhanced' Host Controller (EHCI) Driver
[    0.709014] ehci-pci: EHCI PCI platform driver
[    0.710038] ehci-platform: EHCI generic platform driver
[    0.711230] ohci_hcd: USB 1.1 'Open' Host Controller (OHCI) Driver
[    0.712675] ohci-pci: OHCI PCI platform driver
[    0.714376] ohci-pci 0000:00:06.0: OHCI PCI host controller
[    0.715638] ohci-pci 0000:00:06.0: new USB bus registered, assigned bus number 1
[    0.717429] ohci-pci 0000:00:06.0: irq 22, io mem 0xf0804000
[    0.776456] usb usb1: New USB device found, idVendor=1d6b, idProduct=0001
[    0.778130] usb usb1: New USB device strings: Mfr=3, Product=2, SerialNumber=1
[    0.779869] usb usb1: Product: OHCI PCI host controller
[    0.781098] usb usb1: Manufacturer: Linux 4.15.0-124-generic ohci_hcd
[    0.782604] usb usb1: SerialNumber: 0000:00:06.0
[    0.783937] hub 1-0:1.0: USB hub found
[    0.785023] hub 1-0:1.0: 12 ports detected
[    0.786586] ohci-platform: OHCI generic platform driver
[    0.788101] uhci_hcd: USB Universal Host Controller Interface driver
[    0.790186] i8042: PNP: PS/2 Controller [PNP0303:PS2K,PNP0f03:PS2M] at 0x60,0x64 irq 1,12
[    0.793175] serio: i8042 KBD port at 0x60,0x64 irq 1
[    0.794495] serio: i8042 AUX port at 0x60,0x64 irq 12
[    0.795916] mousedev: PS/2 mouse device common for all mice
[    0.799497] input: AT Translated Set 2 keyboard as /devices/platform/i8042/serio0/input/input2
[    0.802248] rtc_cmos rtc_cmos: rtc core: registered rtc_cmos as rtc0
[    0.804189] rtc_cmos rtc_cmos: alarms up to one day, 114 bytes nvram
[    0.805705] i2c /dev entries driver
[    0.806604] device-mapper: uevent: version 1.0.3
[    0.807729] device-mapper: ioctl: 4.37.0-ioctl (2017-09-20) initialised: dm-devel@redhat.com
[    0.809673] ledtrig-cpu: registered to indicate activity on CPUs
[    0.811374] NET: Registered protocol family 10
[    0.816487] Segment Routing with IPv6
[    0.817631] NET: Registered protocol family 17
[    0.818848] Key type dns_resolver registered
[    0.820414] mce: Using 0 MCE banks
[    0.821875] RAS: Correctable Errors collector initialized.
[    0.823137] sched_clock: Marking stable (820277911, 0)->(1010159510, -189881599)
[    0.825195] registered taskstats version 1
[    0.826271] Loading compiled-in X.509 certificates
[    0.829890] Loaded X.509 cert 'Build time autogenerated kernel key: be62403dcace2d46f96dafa9f42421c610ef3c2a'
[    0.832580] zswap: loaded using pool lzo/zbud
[    0.837344] Key type big_key registered
[    0.838407] Key type trusted registered
[    0.840967] Key type encrypted registered
[    0.841966] AppArmor: AppArmor sha1 policy hashing enabled
[    0.843275] ima: No TPM chip found, activating TPM-bypass! (rc=-19)
[    0.844947] ima: Allocated hash algorithm: sha1
[    0.846187] evm: HMAC attrs: 0x1
[    0.847386]   Magic number: 5:329:401
[    0.848553] rtc_cmos rtc_cmos: setting system clock to 2021-01-16 22:23:49 UTC (1610835829)
[    0.850663] BIOS EDD facility v0.16 2004-Jun-25, 0 devices found
[    0.852293] EDD information not available.
[    0.885249] Freeing unused kernel image memory: 2436K
[    0.892551] Write protecting the kernel read-only data: 20480k
[    0.894494] Freeing unused kernel image memory: 2008K
[    0.896004] Freeing unused kernel image memory: 1872K
[    0.903192] x86/mm: Checked W+X mappings: passed, no W+X pages found.
[    0.904735] x86/mm: Checking user space page tables
[    0.911353] x86/mm: Checked W+X mappings: passed, no W+X pages found.
Loading, please wait...
starting version 237
[    0.997808] e1000: Intel(R) PRO/1000 Network Driver - version 7.3.21-k8-NAPI
[    0.999770] e1000: Copyright (c) 1999-2006 Intel Corporation.
[    1.006633] Fusion MPT base driver 3.04.20
[    1.007668] Copyright (c) 1999-2008 LSI Corporation
[    1.024995] Fusion MPT SPI Host driver 3.04.20
[    1.044932] AVX2 version of gcm_enc/dec engaged.
[    1.046078] AES CTR mode by8 optimization enabled
[    1.219397] input: ImExPS/2 Generic Explorer Mouse as /devices/platform/i8042/serio1/input/input4
[    1.450972] e1000 0000:00:03.0 eth0: (PCI:33MHz:32-bit) 02:60:71:1d:34:36
[    1.452691] e1000 0000:00:03.0 eth0: Intel(R) PRO/1000 Network Connection
[    1.455141] mptbase: ioc0: Initiating bringup
[    1.552218] ioc0: LSI53C1030 A0: Capabilities={Initiator}
[    1.795100] scsi host2: ioc0: LSI53C1030 A0, FwRev=00000000h, Ports=1, MaxQ=256, IRQ=20
[    1.965318] scsi 2:0:0:0: Direct-Access     VBOX     HARDDISK         1.0  PQ: 0 ANSI: 5
[    1.972773] scsi target2:0:0: Beginning Domain Validation
[    1.976215] random: fast init done
[    1.977333] scsi target2:0:0: Domain Validation skipping write tests
[    1.978755] scsi target2:0:0: Ending Domain Validation
[    1.980097] scsi target2:0:0: asynchronous
[    1.982354] scsi 2:0:1:0: Direct-Access     VBOX     HARDDISK         1.0  PQ: 0 ANSI: 5
[    1.984308] scsi target2:0:1: Beginning Domain Validation
[    1.986366] scsi target2:0:1: Domain Validation skipping write tests
[    1.987834] scsi target2:0:1: Ending Domain Validation
[    1.989354] scsi target2:0:1: asynchronous
[    1.995073] random: systemd-udevd: uninitialized urandom read (16 bytes read)
[    1.996999] random: systemd-udevd: uninitialized urandom read (16 bytes read)
[    1.999090] random: systemd-udevd: uninitialized urandom read (16 bytes read)
[    2.001056] sd 2:0:0:0: Attached scsi generic sg0 type 0
[    2.002468] sd 2:0:0:0: [sda] 20971520 512-byte logical blocks: (10.7 GB/10.0 GiB)
[    2.005358] sd 2:0:0:0: [sda] Write Protect is off
[    2.006774] sd 2:0:1:0: [sdb] 20480 512-byte logical blocks: (10.5 MB/10.0 MiB)
[    2.008482] sd 2:0:1:0: Attached scsi generic sg1 type 0
[    2.009716] sd 2:0:1:0: [sdb] Write Protect is off
[    2.016555] sd 2:0:1:0: [sdb] Incomplete mode parameter data
[    2.017886] sd 2:0:1:0: [sdb] Assuming drive cache: write through
[    2.019477] sd 2:0:0:0: [sda] Incomplete mode parameter data
[    2.021512] sd 2:0:0:0: [sda] Assuming drive cache: write through
[    2.024275]  sda: sda1
[    2.025771] sd 2:0:0:0: [sda] Attached SCSI disk
[    2.027009] sd 2:0:1:0: [sdb] Attached SCSI disk
[    2.441948] e1000 0000:00:08.0 eth1: (PCI:33MHz:32-bit) 08:00:27:21:c9:ca
[    2.443933] e1000 0000:00:08.0 eth1: Intel(R) PRO/1000 Network Connection
[    2.447266] e1000 0000:00:08.0 enp0s8: renamed from eth1
[    2.450411] e1000 0000:00:03.0 enp0s3: renamed from eth0
Begin: Loading essential drivers ... [    3.864907] raid6: sse2x1   gen()  9892 MB/s
[    3.912059] raid6: sse2x1   xor()  6561 MB/s
[    3.960648] raid6: sse2x2   gen() 12752 MB/s
[    4.019222] raid6: sse2x2   xor()  9136 MB/s
[    4.070234] raid6: sse2x4   gen() 15864 MB/s
[    4.126226] raid6: sse2x4   xor()  9707 MB/s
[    4.181099] raid6: avx2x1   gen() 23752 MB/s
[    4.235788] raid6: avx2x1   xor() 14440 MB/s
[    4.290459] raid6: avx2x2   gen() 28064 MB/s
[    4.350363] raid6: avx2x2   xor() 16722 MB/s
[    4.408855] raid6: avx2x4   gen() 30432 MB/s
[    4.461203] raid6: avx2x4   xor() 18942 MB/s
[    4.462387] raid6: using algorithm avx2x4 gen() 30432 MB/s
[    4.463824] raid6: .... xor() 18942 MB/s, rmw enabled
[    4.464994] raid6: using avx2x2 recovery algorithm
[    4.467919] xor: automatically using best checksumming function   avx       
[    4.471361] async_tx: api initialized (async)
done.
Begin: Running /scripts/init-premount ... done.
Begin: Mounting root file system ... Begin: Running /scripts/local-top ... done.
Begin: Running /scripts/local-premount ... [    4.525775] Btrfs loaded, crc32c=crc32c-intel
Scanning for Btrfs filesystems
done.
Warning: fsck not present, so skipping root file system
[    4.553905] EXT4-fs (sda1): mounted filesystem with ordered data mode. Opts: (null)
done.
Begin: Running /scripts/local-bottom ... done.
Begin: Running /scripts/init-bottom ... done.
[    4.674248] ip_tables: (C) 2000-2006 Netfilter Core Team
[    4.682979] systemd[1]: systemd 237 running in system mode. (+PAM +AUDIT +SELINUX +IMA +APPARMOR +SMACK +SYSVINIT +UTMP +LIBCRYPTSETUP +GCRYPT +GNUTLS +ACL +XZ +LZ4 +SECCOMP +BLKID +ELFUTILS +KMOD -IDN2 +IDN -PCRE2 default-hierarchy=hybrid)
[    4.687804] systemd[1]: Detected virtualization oracle.
[    4.689064] systemd[1]: Detected architecture x86-64.

Welcome to [1mUbuntu 18.04.5 LTS[0m!

[    4.693028] systemd[1]: Set hostname to <ubuntu>.
[    4.696695] systemd[1]: Initializing machine ID from random generator.
[    4.698201] systemd[1]: Installed transient /etc/machine-id file.
[    4.911142] systemd[1]: Reached target User and Group Name Lookups.
[[0;32m  OK  [0m] Reached target User and Group Name Lookups.
[    4.914067] systemd[1]: Set up automount Arbitrary Executable File Formats File System Automount Point.
[[0;32m  OK  [0m] Set up automount Arbitrary Executab…rmats File System Automount Point.
[    4.918552] systemd[1]: Created slice User and Session Slice.
[[0;32m  OK  [0m] Created slice User and Session Slice.
[    4.921671] systemd[1]: Created slice System Slice.
[[0;32m  OK  [0m] Created slice System Slice.
[[0;32m  OK  [0m] Listening on /dev/initctl Compatibility Named Pipe.
[[0;32m  OK  [0m] Listening on Device-mapper event daemon FIFOs.
[[0;32m  OK  [0m] Reached target System Time Synchronized.
[[0;32m  OK  [0m] Listening on LVM2 metadata daemon socket.
[[0;32m  OK  [0m] Listening on Syslog Socket.
[[0;32m  OK  [0m] Created slice system-serial\x2dgetty.slice.
[[0;32m  OK  [0m] Listening on LVM2 poll daemon socket.
[[0;32m  OK  [0m] Listening on udev Kernel Socket.
[[0;32m  OK  [0m] Reached target Slices.
[[0;32m  OK  [0m] Listening on udev Control Socket.
[[0;32m  OK  [0m] Started Forward Password Requests to Wall Directory Watch.
[[0;32m  OK  [0m] Reached target Swap.
[[0;32m  OK  [0m] Listening on Journal Socket (/dev/log).
[[0;32m  OK  [0m] Listening on Journal Audit Socket.
[[0;32m  OK  [0m] Listening on Journal Socket.
         Starting Remount Root and Kernel File Systems...
         Mounting POSIX Message Queue File System...
         Starting udev Coldplug all Devices...
         Starting Journal Service...
[    4.961748] EXT4-fs (sda1): re-mounted. Opts: (null)
         Mounting Huge Pages File System...
         Starting Monitoring of LVM2 mirrors…ng dmeventd or progress polling...
         Mounting Kernel Debug File System...
         Starting Create list of required st…ce nodes for the current kernel...
         Starting Set the console keyboard layout...
         Starting Uncomplicated firewall...
         Starting Load Kernel Modules...
[[0;32m  OK  [0m] Listening on Network Service Netlink Socket.
[[0;32m  OK  [0m] Started Journal Service.
[[0;32m  OK  [0m] Started Remount Root and Kernel File Systems.
[[0;32m  OK  [0m] Mounted POSIX Message Queue File System.
[[0;32m  OK  [0m] Mounted Huge Pages File System.
[[0;32m  OK  [0m] Mounted Kernel Debug File System.
[[0;32m  OK  [0m] Started Create list of required sta…vice nodes for the current kernel.
[[0;32m  OK  [0m] Started Uncomplicated firewall.
[    5.081523] Loading iSCSI transport class v2.0-870.
[[0;32m  OK  [0m] Started LVM2 metadata daemon.
         Starting Create Static Device Nodes in /dev...
[    5.114799] iscsi: registered transport (tcp)
         Starting Load/Save Random Seed...
         Starting Flush Journal to Persistent Storage...
[[0;32m  OK  [0m] Started udev Coldplug all Devices.
[[0;32m  OK  [0m] Started Create Static Device Nodes in /dev.
         Starting udev Kernel Device Manager...
[[0;32m  OK  [0m] Started Load/Save Random Seed.
[    5.183771] iscsi: registered transport (iser)
[[0;32m  OK  [0m] Started Load Kernel Modules.
         Starting Apply Kernel Variables...
         Mounting FUSE Control File System...
         Mounting Kernel Configuration File System...
[[0;32m  OK  [0m] Started Monitoring of LVM2 mirrors,…sing dmeventd or progress polling.
[[0;32m  OK  [0m] Started udev Kernel Device Manager.
[[0;32m  OK  [0m] Mounted FUSE Control File System.
[[0;32m  OK  [0m] Mounted Kernel Configuration File System.
[[0;32m  OK  [0m] Started Apply Kernel Variables.
[[0;32m  OK  [0m] Started Flush Journal to Persistent Storage.
[[0;32m  OK  [0m] Found device /dev/ttyS0.
[[0;32m  OK  [0m] Listening on Load/Save RF Kill Switch Status /dev/rfkill Watch.
[[0;32m  OK  [0m] Started Set the console keyboard layout.
[[0;32m  OK  [0m] Started Dispatch Password Requests to Console Directory Watch.
[[0;32m  OK  [0m] Reached target Local Encrypted Volumes.
[[0;32m  OK  [0m] Reached target Local File Systems (Pre).
[[0;32m  OK  [0m] Reached target Local File Systems.
         Starting Tell Plymouth To Write Out Runtime Data...
         Starting Set console font and keymap...
         Starting Commit a transient machine-id on disk...
         Starting Create Volatile Files and Directories...
         Starting ebtables ruleset management...
         Starting AppArmor initialization...
[[0;32m  OK  [0m] Started Tell Plymouth To Write Out Runtime Data.
[[0;32m  OK  [0m] Started Set console font and keymap.
[[0;32m  OK  [0m] Started Commit a transient machine-id on disk.
[[0;32m  OK  [0m] Started Create Volatile Files and Directories.
         Starting Update UTMP about System Boot/Shutdown...
[[0;32m  OK  [0m] Started Update UTMP about System Boot/Shutdown.
[[0;32m  OK  [0m] Started ebtables ruleset management.
[[0;32m  OK  [0m] Started AppArmor initialization.
         Starting Initial cloud-init job (pre-networking)...
         Starting Load AppArmor profiles managed internally by snapd...
[[0;32m  OK  [0m] Started Load AppArmor profiles managed internally by snapd.
[    8.562330] cloud-init[590]: Cloud-init v. 20.3-2-g371b392c-0ubuntu1~18.04.1 running 'init-local' at Sat, 16 Jan 2021 22:23:56 +0000. Up 8.24 seconds.
[[0;32m  OK  [0m] Started Initial cloud-init job (pre-networking).
[[0;32m  OK  [0m] Reached target Network (Pre).
         Starting Network Service...
[[0;32m  OK  [0m] Started Network Service.
         Starting Wait for Network to be Configured...
         Starting Network Name Resolution...
[[0;32m  OK  [0m] Started Network Name Resolution.
[[0;32m  OK  [0m] Reached target Host and Network Name Lookups.
[[0;32m  OK  [0m] Reached target Network.
[[0;32m  OK  [0m] Started Wait for Network to be Configured.
         Starting Initial cloud-init job (metadata service crawler)...
[   10.987255] cloud-init[696]: Cloud-init v. 20.3-2-g371b392c-0ubuntu1~18.04.1 running 'init' at Sat, 16 Jan 2021 22:23:59 +0000. Up 10.85 seconds.
[   10.990338] cloud-init[696]: ci-info: ++++++++++++++++++++++++++++++++++++++Net device info+++++++++++++++++++++++++++++++++++++++
[   11.004205] cloud-init[696]: ci-info: +--------+-------+----------------------------+---------------+--------+-------------------+
[   11.016379] cloud-init[696]: ci-info: | Device |   Up  |          Address           |      Mask     | Scope  |     Hw-Address    |
[   11.028611] cloud-init[696]: ci-info: +--------+-------+----------------------------+---------------+--------+-------------------+
[   11.040637] cloud-init[696]: ci-info: | enp0s3 |  True |         10.0.2.15          | 255.255.255.0 | global | 02:60:71:1d:34:36 |
[   11.042212] cloud-init[696]: ci-info: | enp0s3 |  True | fe80::60:71ff:fe1d:3436/64 |       .       |  link  | 02:60:71:1d:34:36 |
[   11.052318] cloud-init[696]: ci-info: | enp0s8 | False |             .              |       .       |   .    | 08:00:27:21:c9:ca |
[   11.064339] cloud-init[696]: ci-info: |   lo   |  True |         127.0.0.1          |   255.0.0.0   |  host  |         .         |
[   11.076568] cloud-init[696]: ci-info: |   lo   |  True |          ::1/128           |       .       |  host  |         .         |
[   11.088463] cloud-init[696]: ci-info: +--------+-------+----------------------------+---------------+--------+-------------------+
[   11.100643] cloud-init[696]: ci-info: ++++++++++++++++++++++++++++Route IPv4 info+++++++++++++++++++++++++++++
[   11.103013] cloud-init[696]: ci-info: +-------+-------------+----------+-----------------+-----------+-------+
[   11.114525] cloud-init[696]: ci-info: | Route | Destination | Gateway  |     Genmask     | Interface | Flags |
[   11.119977] cloud-init[696]: ci-info: +-------+-------------+----------+-----------------+-----------+-------+
[   11.125786] cloud-init[696]: ci-info: |   0   |   0.0.0.0   | 10.0.2.2 |     0.0.0.0     |   enp0s3  |   UG  |
[   11.131365] cloud-init[696]: ci-info: |   1   |   10.0.2.0  | 0.0.0.0  |  255.255.255.0  |   enp0s3  |   U   |
[   11.133989] cloud-init[696]: ci-info: |   2   |   10.0.2.2  | 0.0.0.0  | 255.255.255.255 |   enp0s3  |   UH  |
[   11.139198] cloud-init[696]: ci-info: +-------+-------------+----------+-----------------+-----------+-------+
[   11.143784] cloud-init[696]: ci-info: +++++++++++++++++++Route IPv6 info+++++++++++++++++++
[   11.160203] cloud-init[696]: ci-info: +-------+-------------+---------+-----------+-------+
[   11.172230] cloud-init[696]: ci-info: | Route | Destination | Gateway | Interface | Flags |
[   11.174641] cloud-init[696]: ci-info: +-------+-------------+---------+-----------+-------+
[   11.177201] cloud-init[696]: ci-info: |   1   |  fe80::/64  |    ::   |   enp0s3  |   U   |
[   11.179380] cloud-init[696]: ci-info: |   3   |    local    |    ::   |   enp0s3  |   U   |
[   11.181655] cloud-init[696]: ci-info: |   4   |   ff00::/8  |    ::   |   enp0s3  |   U   |
[   11.183933] cloud-init[696]: ci-info: +-------+-------------+---------+-----------+-------+
[   11.735334] cloud-init[696]: Generating public/private rsa key pair.
[   11.736799] cloud-init[696]: Your identification has been saved in /etc/ssh/ssh_host_rsa_key.
[   11.738187] cloud-init[696]: Your public key has been saved in /etc/ssh/ssh_host_rsa_key.pub.
[   11.744389] cloud-init[696]: The key fingerprint is:
[   11.745481] cloud-init[696]: SHA256:78bwx+mGI5h+e0y9aNNKZpjVRZDX3cdoxz2lefs5QqU root@ubuntu-bionic
[   11.757118] cloud-init[696]: The key's randomart image is:
[   11.758602] cloud-init[696]: +---[RSA 2048]----+
[   11.760144] cloud-init[696]: |            .o.=*|
[   11.761269] cloud-init[696]: |            ..++X|
[   11.764183] cloud-init[696]: |             o+o+|
[   11.776235] cloud-init[696]: |           . .o..|
[   11.788181] cloud-init[696]: |        S ...E . |
[   11.789478] cloud-init[696]: |        .=. o   o|
[   11.791011] cloud-init[696]: |       oo*== + o.|
[   11.796319] cloud-init[696]: |      o o=% B . .|
[   11.797281] cloud-init[696]: |     ....*oB.    |
[   11.798227] cloud-init[696]: +----[SHA256]-----+
[   11.799421] cloud-init[696]: Generating public/private dsa key pair.
[   11.804860] cloud-init[696]: Your identification has been saved in /etc/ssh/ssh_host_dsa_key.
[   11.806619] cloud-init[696]: Your public key has been saved in /etc/ssh/ssh_host_dsa_key.pub.
[   11.812288] cloud-init[696]: The key fingerprint is:
[   11.813464] cloud-init[696]: SHA256:XfYzHsvnGkkkUfCjD5DuWlbNq9SefQ4SPkr1CVMYC7Q root@ubuntu-bionic
[   11.815084] cloud-init[696]: The key's randomart image is:
[   11.816313] cloud-init[696]: +---[DSA 1024]----+
[   11.820607] cloud-init[696]: |         .o +o.  |
[   11.821740] cloud-init[696]: |           + *   |
[   11.822881] cloud-init[696]: |          E * =  |
[   11.824370] cloud-init[696]: |         o + O . |
[   11.826574] cloud-init[696]: |        S o O O  |
[[0;32m  OK  [0m] Started Initial cloud-init job (metadata service crawler).
[[0;32m  OK  [0m] Reached target Cloud-config availability.
[   11.831120] cloud-init[696]: |         . + % O |[[0;32m  OK  [0m] Reached target System Initialization.
[[0;32m  OK  [0m] Listening on D-Bus System Message Bus Socket.
         Starting Socket activation for snappy daemon.

[   11.836707] cloud-init[696]: |          = = & .|
[   11.837862] cloud-init[696]: |         = o = B.|
[   11.838922] cloud-init[696]: |        . . . +o=|
[   11.839914] [[0;32m  OK  [0m] Started Daily apt download activities.
[[0;32m  OK  [0m] Started Daily apt upgrade and clean activities.
[[0;32m  OK  [0m] Started Message of the Day.
[[0;32m  OK  [0m] Started ACPI Events Check.
[[0;32m  OK  [0m] Reached target Paths.
[[0;32m  OK  [0m] Listening on ACPID Listen Socket.cloud-init[696]: +----[SHA256]-----+
[   11.853853] cloud-init[696]: Generating public/private ecdsa key pair.
[   11.855178] cloud-init[696]: Your identification has been saved in /etc/ssh/ssh_host_ecdsa_key.
[   11.855780] cloud-init[696]: Your public key has been saved in /etc/ssh/ssh_host_ecdsa_key.pub.
[   11.855929] cloud-init[696]: The key fingerprint is:
[   11.855981] cloud-init[696]: SHA256:OUv9Jd/eaAclCCdGRY8aO7rISt5WjJPxqKR+vMK2MK0 root@ubuntu-bionic
[   11.856020] cloud-init[696]: The key's randomart image is:

[[0;32m  OK  [0m] Started Daily Cleanup of Temporary Directories.
[   11.864101] cloud-init[696]: +---[ECDSA 256]---+
[   11.880661] cloud-init[696]: |         ..oo    |
         Starting LXD - unix socket.
[   11.895979] [[0;32m  OK  [0m] Listening on UUID daemon activation socket.
[[0;32m  OK  [0m] Started Discard unused blocks once a week.
[[0;32m  OK  [0m] Reached target Timers.
[[0;32m  OK  [0m] Listening on Open-iSCSI iscsid Socket.
[[0;32m  OK  [0m] Reached target Network is Online.
cloud-init[696]: |          + .o   |
[   11.902358] cloud-init[696]: |         ..+...  |
         Starting Availability of block devices...[   11.917120] cloud-init[696]: |      .  o +. . .|
[   11.918754] cloud-init[696]: |       BS = . .o |
[[0;32m  OK  [0m] Reached target Remote File Systems (Pre).
[[0;32m  OK  [0m] Reached target Remote File Systems.
[   11.927006] cloud-init[696]: | .  . =.++ o +.. |
[[0;32m  OK  [0m] Listening on Socket activation for snappy daemon.
[[0;32m  OK  [0m] Listening on LXD - unix socket.
[   11.934211] cloud-init[696]: |o..+.. oo   . ...|
[   11.935901] 
[[0;32m  OK  [0m] Started Availability of block devices.
[[0;32m  OK  [0m] Reached target Sockets.cloud-init[696]: | +=o+o.. .    .oo|
[   11.943354] cloud-init
[[0;32m  OK  [0m] Reached target Basic System.
         Starting Pollinate to seed the pseudo random number generator...[696]: |Eoo++++ .    ...o|
[   11.954358] cloud-init[696]: +----[SHA256]-----+
[   11.955993] 
[[0;32m  OK  [0m] Started D-Bus System Message Bus.
cloud-init[696]: Generating public/private ed25519 key pair.
[   11.983031] cloud-init[696]: Your identification has been saved in /etc/ssh/ssh_host_ed25519_key.
[   11.988965] cloud-init[696]: Your public key has been saved in /etc/ssh/ssh_host_ed25519_key.pub.
[   11.996150] cloud-init         Starting Login Service...
         Starting Dispatcher daemon for systemd-networkd...
         Starting LSB: Record successful boot for GRUB...
[696]: The key fingerprint is:         Starting System Logging Service...
         Starting Virtualbox guest utils...

         Starting Accounts Service...
[   12.028719] cloud-init[696]: SHA256:hkojYxIj7kWDgLcPldD/vonqHFU/6SJ7A2B51n0XPvA root@ubuntu-bionic
         [   12.041729] Starting Permit User Sessions...
cloud-init[696]: The key's randomart image is:
[   12.052428] cloud-init[696]: +--[ED25519 256]--+
[   12.064632] cloud-init[696]: |o .o .           |
[   12.071834] cloud-init[696]: |o o +       . .  |
[   12.074473] cloud-init[696]: |+o = o ...   + . |
[   12.084471] cloud-init[696]: |oo+ = +o..... E  |
[   12.090818] cloud-init[696]: |..+=o+o.S +. . . |
[[0;32m  OK  [0m] Started Regular background program processing daemon.
         Starting LXD - container startup/shutdown...
[[0;32m  OK  [0m] Started FUSE filesystem for LXC.
[   12.112711] cloud-init[696]: |.o.+.+.... .     |
[   12.116109] cloud-init[696]: | .  o .o. .      |
[   12.121488] cloud-init[696]: |   . . ++o       |
[   12.133435] cloud-init[696]: |   .+.o.oo       |
[   12.138669] cloud-init[696]: +----[SHA256]-----+
[[0;32m  OK  [0m] Started irqbalance daemon.
[[0;32m  OK  [0m] Started Deferred execution scheduler.
         Starting LSB: automatic crash report generation...
         Starting Snap Daemon...
[[0;32m  OK  [0m] Started System Logging Service.
[[0;32m  OK  [0m] Started Permit User Sessions.
[[0;32m  OK  [0m] Started LXD - container startup/shutdown.
[[0;32m  OK  [0m] Started Login Service.
         Starting Authorization Manager...
[[0;32m  OK  [0m] Started Unattended Upgrades Shutdown.
         Starting Hold until boot process finishes up...
         Starting Terminate Plymouth Boot Screen...
[[0;32m  OK  [0m] Started Hold until boot process finishes up.
[[0;32m  OK  [0m] Started Serial Getty on ttyS0.
         Starting Set console scheme...
[[0;32m  OK  [0m] Started Terminate Plymouth Boot Screen.
[[0;32m  OK  [0m] Started Set console scheme.
[[0;32m  OK  [0m] Created slice system-getty.slice.
[[0;32m  OK  [0m] Started Getty on tty1.
[[0;32m  OK  [0m] Reached target Login Prompts.
[[0;32m  OK  [0m] Started LSB: Record successful boot for GRUB.
[[0;32m  OK  [0m] Started Authorization Manager.
[[0;32m  OK  [0m] Started Accounts Service.
[[0;32m  OK  [0m] Started LSB: automatic crash report generation.
[[0;32m  OK  [0m] Started Virtualbox guest utils.
[[0;32m  OK  [0m] Started Dispatcher daemon for systemd-networkd.
[[0;32m  OK  [0m] Started Snap Daemon.
         Starting Wait until snapd is fully seeded...
[[0;32m  OK  [0m] Started Pollinate to seed the pseudo random number generator.
         Starting OpenBSD Secure Shell server...
[[0;32m  OK  [0m] Started OpenBSD Secure Shell server.
[[0;32m  OK  [0m] Created slice User Slice of vagrant.
         Starting User Manager for UID 1000...
[[0;32m  OK  [0m] Started Session 1 of user vagrant.
[[0;32m  OK  [0m] Started User Manager for UID 1000.
[[0;32m  OK  [0m] Started Wait until snapd is fully seeded.
         Starting Apply the settings specified in cloud-config...
[[0;32m  OK  [0m] Reached target Multi-User System.
[[0;32m  OK  [0m] Reached target Graphical Interface.
         Starting Update UTMP about System Runlevel Changes...
[[0;32m  OK  [0m] Started Update UTMP about System Runlevel Changes.
[   16.186453] cloud-init[1122]: Cloud-init v. 20.3-2-g371b392c-0ubuntu1~18.04.1 running 'modules:config' at Sat, 16 Jan 2021 22:24:04 +0000. Up 15.44 seconds.
[[0;32m  OK  [0m] Started Apply the settings specified in cloud-config.
         Starting Execute cloud user/final scripts...
ci-info: no authorized SSH keys fingerprints found for user ubuntu.
<14>Jan 16 22:24:05 ec2: 
<14>Jan 16 22:24:05 ec2: #############################################################
<14>Jan 16 22:24:05 ec2: -----BEGIN SSH HOST KEY FINGERPRINTS-----
<14>Jan 16 22:24:05 ec2: 1024 SHA256:XfYzHsvnGkkkUfCjD5DuWlbNq9SefQ4SPkr1CVMYC7Q root@ubuntu-bionic (DSA)
<14>Jan 16 22:24:05 ec2: 256 SHA256:OUv9Jd/eaAclCCdGRY8aO7rISt5WjJPxqKR+vMK2MK0 root@ubuntu-bionic (ECDSA)
<14>Jan 16 22:24:05 ec2: 256 SHA256:hkojYxIj7kWDgLcPldD/vonqHFU/6SJ7A2B51n0XPvA root@ubuntu-bionic (ED25519)
<14>Jan 16 22:24:05 ec2: 2048 SHA256:78bwx+mGI5h+e0y9aNNKZpjVRZDX3cdoxz2lefs5QqU root@ubuntu-bionic (RSA)
<14>Jan 16 22:24:05 ec2: -----END SSH HOST KEY FINGERPRINTS-----
<14>Jan 16 22:24:05 ec2: #############################################################
-----BEGIN SSH HOST KEY KEYS-----
ecdsa-sha2-nistp256 AAAAE2VjZHNhLXNoYTItbmlzdHAyNTYAAAAIbmlzdHAyNTYAAABBBAQSQNzt/VfPFlOF+1PPgtR1O0LPlHjkrpkvWYgTd86FbD1Gigu7piuQU28cW1mZxVjpv4JxWgjhD+B1M5+M47g= root@ubuntu-bionic
ssh-ed25519 AAAAC3NzaC1lZDI1NTE5AAAAIKluFquDFwkoEv9zBOQZMQ+gTQjVf8NqCKaeajPsrRnb root@ubuntu-bionic
ssh-rsa AAAAB3NzaC1yc2EAAAADAQABAAABAQC9eHOl0rG9SFJOf9lJbeo1yl+WygziIrYJ/DynEdWzftR2sK1Egue939jkBhACf9Ijc9uU+NhptwoJWI+eZmqmFnf/94hp1XX9wuEkIdQ3y5pgLObRRKMWD8qa8IUPEfT2z5gVW209tPNl+QqHMDkOqP95RRnrJ9NkfxJth8C9vnpY/gfBtHPwNVGUxEKLWfL+rR9ZOf5iz/AK32xf8xi8yk9Gj+QOKyrISl4pGTw8IGP5wZKMJOEHlR0CIaRYr+x1qxwSAsHbxtI9ZJQ9yQECs68o5z4/ziEhUi+re27SxCBti/vczvcJXjIvAWGK/RptwypvOft4+sB6+yuSzuet root@ubuntu-bionic
-----END SSH HOST KEY KEYS-----
[   17.391435] cloud-init[1234]: Cloud-init v. 20.3-2-g371b392c-0ubuntu1~18.04.1 running 'modules:final' at Sat, 16 Jan 2021 22:24:05 +0000. Up 17.07 seconds.
[   17.394659] cloud-init[1234]: ci-info: no authorized SSH keys fingerprints found for user ubuntu.
[   17.400435] cloud-init[1234]: Cloud-init v. 20.3-2-g371b392c-0ubuntu1~18.04.1 finished at Sat, 16 Jan 2021 22:24:06 +0000. Datasource DataSourceNoCloud [seed=/dev/sdb][dsmode=net].  Up 17.36 seconds

Ubuntu 18.04.5 LTS ubuntu-bionic ttyS0

ubuntu-bionic login: [[0;32m  OK  [0m] Stopped Unattended [[0;32m  OK  [0m] Stopped Unattended Upgrades Shutdown.
         Stopping User Manager for UID 1000...
[[0;32m  OK  [0m] Stopped target Cloud-init target.
[[0;32m  OK  [0m] Stopped target Graphical Interface.
         Stopping Accounts Service...
[[0;32m  O[[0;32m  OK  [0m] Stopped Unattended Upgrades Shutdown.
[[0;32m  OK  [0m] Stopped target Host and Network Name Lookups.
         Stopping Session 9 of user vagrant.
[[0;32m  OK  [0m] Stopped target Cloud-init target.
         Stopping Authorization Manager...
         Stopping User Manager for UID 1000...
[[0;32m  OK  [0m] Stopped target Graphical Interface.
[[0;32m  OK  [0m] Stopped target Timers.
[[0;32m  OK  [0m] Stopped Daily Cleanup of Temporary Directories.
[[0;32m  OK  [0m] Stopped Message of the Day.
[[0;32m  OK  [0m] Stopped Discard unused blocks once a week.
[[0;32m  OK  [0m] Stopped Daily apt upgrade and clean activities.
[[0;32m  OK  [0m] Stopped Execute cloud user/final scripts.
[[0;32m  OK  [0m] Stopped Apply the settings specified in cloud-config.
[[0;32m  OK  [0m] Stopped target Cloud-config availability.
[[0;32m  OK  [0m] Stopped target Network is Online.
[[0;32m  OK  [0m] Stopped target Multi-User System.
         Stopping Virtualbox guest utils...
         Stopping Dispatcher daemon for systemd-networkd...
         Stopping OpenBSD Secure Shell server...
[[0;32m  OK  [0m] Stopped Wait until snapd is fully seeded.
[[0;32m  OK  [0m] Stopped target Login Prompts.
         Stopping Serial Getty on ttyS0...
         Stopping LSB: Record successful boot for GRUB...
         Stopping Deferred execution scheduler...
         Stopping Regular background program processing daemon...
         Stopping System Logging Service...
         Stopping Availability of block devices...
         Stopping FUSE filesystem for LXC...
         Stopping LXD - container startup/shutdown...
         Stopping D-Bus System Message Bus...
         Stopping LSB: automatic crash report generation...
         Stopping Accounts Service...
         Stopping Getty on tty1...
[[0;32m  OK  [0m] Stopped Daily apt download activities.
[[0;32m  OK  [0m] Stopped target System Time Synchronized.
[[0;32m  OK  [0m] Closed Load/Save RF Kill Switch Status /dev/rfkill Watch.
[[0;32m  OK  [0m] Unmounted /var/lib/lxcfs.
[[0;32m  OK  [0m] Stopped Dispatcher daemon for systemd-networkd.
[[0;32m  OK  [0m] Stopped Deferred execution scheduler.
[[0;32m  OK  [0m] Stopped Regular background program processing daemon.
[[0;32m  OK  [0m] Stopped Accounts Service.
[[0;32m  OK  [0m] Stopped Serial Getty on ttyS0.
[[0;32m  OK  [0m] Stopped Getty on tty1.
[[0;32m  OK  [0m] Stopped System Logging Service.
[[0;32m  OK  [0m] Stopped Authorization Manager.
[[0;32m  OK  [0m] Stopped OpenBSD Secure Shell server.
[[0;32m  OK  [0m] Stopped User Manager for UID 1000.
[[0;32m  OK  [0m] Stopped D-Bus System Message Bus.
[[0;32m  OK  [0m] Stopped Session 9 of user vagrant.
[[0;32m  OK  [0m] Stopped FUSE filesystem for LXC.
[[0;32m  OK  [0m] Removed slice User Slice of vagrant.
         Stopping Login Service...
[[0;32m  OK  [0m] Removed slice system-getty.slice.
[[0;32m  OK  [0m] Removed slice system-serial\x2dgetty.slice.
         Stopping Permit User Sessions...
[[0;32m  OK  [0m] Stopped Login Service.
[[0;32m  OK  [0m] Stopped LXD - container startup/shutdown.
[[0;32m  OK  [0m] Stopped Permit User Sessions.
[[0;32m  OK  [0m] Stopped target Network.
         Stopping Network Name Resolution...
[[0;32m  OK  [0m] Stopped target User and Group Name Lookups.
[[0;32m  OK  [0m] Stopped Network Name Resolution.
[[0;32m  OK  [0m] Stopped LSB: Record successful boot for GRUB.
[[0;32m  OK  [0m] Stopped Availability of block devices.
[[0;32m  OK  [0m] Stopped LSB: automatic crash report generation.
[[0;32m  OK  [0m] Stopped target Remote File Systems.
[[0;32m  OK  [0m] Stopped target Remote File Systems (Pre).
[[0;32m  OK  [0m] Stopped Virtualbox guest utils.
[[0;32m  OK  [0m] Stopped target Basic System.
[[0;32m  OK  [0m] Stopped target Paths.
[[0;32m  OK  [0m] Stopped ACPI Events Check.
[[0;32m  OK  [0m] Stopped target Slices.
[[0;32m  OK  [0m] Removed slice User and Session Slice.
[[0;32m  OK  [0m] Stopped target Sockets.
[[0;32m  OK  [0m] Closed Open-iSCSI iscsid Socket.
[[0;32m  OK  [0m] Closed Socket activation for snappy daemon.
[[0;32m  OK  [0m] Closed D-Bus System Message Bus Socket.
[[0;32m  OK  [0m] Closed ACPID Listen Socket.
[[0;32m  OK  [0m] Closed Syslog Socket.
[[0;32m  OK  [0m] Closed UUID daemon activation socket.
[[0;32m  OK  [0m] Closed LXD - unix socket.
[[0;32m  OK  [0m] Stopped target System Initialization.
[[0;32m  OK  [0m] Stopped Initial cloud-init job (metadata service crawler).
[[0;32m  OK  [0m] Stopped Wait for Network to be Configured.
         Stopping Network Service...
         Stopping Load/Save Random Seed...
[[0;32m  OK  [0m] Stopped Commit a transient machine-id on disk.
         Stopping Update UTMP about System Boot/Shutdown...
[[0;32m  OK  [0m] Stopped target Local Encrypted Volumes.
[[0;32m  OK  [0m] Stopped Dispatch Password Requests to Console Directory Watch.
[[0;32m  OK  [0m] Stopped Forward Password Requests to Wall Directory Watch.
[[0;32m  OK  [0m] Stopped Network Service.
[[0;32m  OK  [0m] Stopped Load/Save Random Seed.
[[0;32m  OK  [0m] Stopped Apply Kernel Variables.
[[0;32m  OK  [0m] Stopped Load Kernel Modules.
[[0;32m  OK  [0m] Stopped target Network (Pre).
[[0;32m  OK  [0m] Stopped Initial cloud-init job (pre-networking).
[[0;32m  OK  [0m] Stopped Update UTMP about System Boot/Shutdown.
[[0;32m  OK  [0m] Stopped Create Volatile Files and Directories.
[[0;32m  OK  [0m] Stopped target Local File Systems.
         Unmounting /vagrant...
         Unmounting /run/user/1000...
[[0;32m  OK  [0m] Unmounted /vagrant.
[[0;32m  OK  [0m] Unmounted /run/user/1000.
[[0;32m  OK  [0m] Stopped target Swap.
[[0;32m  OK  [0m] Reached target Unmount All Filesystems.
[[0;32m  OK  [0m] Stopped target Local File Systems (Pre).
         Stopping Monitoring of LVM2 mirrors…ng dmeventd or progress polling...
[[0;32m  OK  [0m] Stopped Remount Root and Kernel File Systems.
[[0;32m  OK  [0m] Stopped Create Static Device Nodes in /dev.
[[0;32m  OK  [0m] Reached target Shutdown.
[[0;32m  OK  [0m] Reached target Final Step.
         Starting Power-Off...
[  380.569848] reboot: Power down
et Final Step.
         Starting Power-Off...
[[0;32m  OK  [0m] Stopped Monitoring of LVM2 mirrors,…sing dmeventd or progress polling.
         Stopping LVM2 metadata daemon...
[[0;32m  OK  [0m] Stopped LVM2 metadata daemon.
[  294.048804] reboot: Power down
